<?xml version="1.0" encoding="UTF-8"?>
<!-- Generated by org.testng.reporters.JUnitReportReporter -->
<testsuite hostname="DispatchTrack" failures="0" tests="1" name="com.inetBanking.testCases.TC_AddCustomerTest_003" time="17.886" errors="0" timestamp="01 May 2024 13:24:52 GMT" skipped="0">
  <testcase classname="com.inetBanking.testCases.TC_AddCustomerTest_003" name="addNewCustomer" time="17.886"/>
</testsuite> <!-- com.inetBanking.testCases.TC_AddCustomerTest_003 -->
