<?xml version="1.0" encoding="UTF-8"?>
<!-- Generated by org.testng.reporters.JUnitReportReporter -->
<testsuite hostname="DispatchTrack" failures="0" tests="1" name="com.inetBanking.testCases.TC_AddCustomerTest_003" time="18.299" errors="0" timestamp="01 May 2024 17:14:26 GMT" skipped="0">
  <testcase classname="com.inetBanking.testCases.TC_AddCustomerTest_003" name="addNewCustomer" time="18.299"/>
</testsuite> <!-- com.inetBanking.testCases.TC_AddCustomerTest_003 -->
