<?xml version="1.0" encoding="UTF-8"?>
<!-- Generated by org.testng.reporters.JUnitReportReporter -->
<testsuite hostname="DispatchTrack" failures="0" tests="1" name="com.inetBanking.testCases.TC_LoginTest_001" time="1.395" errors="0" timestamp="01 May 2024 17:14:26 GMT" skipped="0">
  <testcase classname="com.inetBanking.testCases.TC_LoginTest_001" name="loginTest" time="1.395"/>
</testsuite> <!-- com.inetBanking.testCases.TC_LoginTest_001 -->
